{"/Users/richo/Documents/Xendit/Document-Manager/config.js": {"path":"/Users/richo/Documents/Xendit/Document-Manager/config.js","statementMap":{"0":{"start":{"line":1,"column":0},"end":{"line":21,"column":2}},"1":{"start":{"line":19,"column":4},"end":{"line":19,"column":50}}},"fnMap":{"0":{"name":"(anonymous_0)","decl":{"start":{"line":18,"column":2},"end":{"line":18,"column":3}},"loc":{"start":{"line":18,"column":14},"end":{"line":20,"column":3}},"line":18}},"branchMap":{"0":{"loc":{"start":{"line":3,"column":16},"end":{"line":3,"column":87}},"type":"binary-expr","locations":[{"start":{"line":3,"column":16},"end":{"line":3,"column":39}},{"start":{"line":3,"column":43},"end":{"line":3,"column":87}}],"line":3},"1":{"loc":{"start":{"line":4,"column":10},"end":{"line":4,"column":32}},"type":"binary-expr","locations":[{"start":{"line":4,"column":10},"end":{"line":4,"column":26}},{"start":{"line":4,"column":30},"end":{"line":4,"column":32}}],"line":4},"2":{"loc":{"start":{"line":5,"column":9},"end":{"line":5,"column":36}},"type":"binary-expr","locations":[{"start":{"line":5,"column":9},"end":{"line":5,"column":24}},{"start":{"line":5,"column":28},"end":{"line":5,"column":36}}],"line":5},"3":{"loc":{"start":{"line":6,"column":13},"end":{"line":6,"column":152}},"type":"binary-expr","locations":[{"start":{"line":6,"column":13},"end":{"line":6,"column":33}},{"start":{"line":6,"column":37},"end":{"line":6,"column":152}}],"line":6},"4":{"loc":{"start":{"line":7,"column":13},"end":{"line":7,"column":64}},"type":"binary-expr","locations":[{"start":{"line":7,"column":13},"end":{"line":7,"column":33}},{"start":{"line":7,"column":37},"end":{"line":7,"column":64}}],"line":7},"5":{"loc":{"start":{"line":19,"column":16},"end":{"line":19,"column":48}},"type":"binary-expr","locations":[{"start":{"line":19,"column":16},"end":{"line":19,"column":31}},{"start":{"line":19,"column":35},"end":{"line":19,"column":48}}],"line":19}},"s":{"0":2,"1":2},"f":{"0":2},"b":{"0":[2,2],"1":[2,2],"2":[2,2],"3":[2,2],"4":[2,2],"5":[2,2]},"_coverageSchema":"43e27e138ebf9cfc5966b082cf9a028302ed4184","hash":"1df11b427e847eebd854e315a296e8737b5515a4"}
,"/Users/richo/Documents/Xendit/Document-Manager/controllers/document.ct.js": {"path":"/Users/richo/Documents/Xendit/Document-Manager/controllers/document.ct.js","statementMap":{"0":{"start":{"line":1,"column":10},"end":{"line":1,"column":27}},"1":{"start":{"line":2,"column":15},"end":{"line":2,"column":32}},"2":{"start":{"line":3,"column":17},"end":{"line":3,"column":45}},"3":{"start":{"line":4,"column":16},"end":{"line":4,"column":43}},"4":{"start":{"line":6,"column":0},"end":{"line":229,"column":3}},"5":{"start":{"line":6,"column":36},"end":{"line":229,"column":1}},"6":{"start":{"line":8,"column":4},"end":{"line":76,"column":5}},"7":{"start":{"line":9,"column":21},"end":{"line":9,"column":46}},"8":{"start":{"line":10,"column":20},"end":{"line":10,"column":39}},"9":{"start":{"line":11,"column":19},"end":{"line":11,"column":56}},"10":{"start":{"line":12,"column":20},"end":{"line":12,"column":60}},"11":{"start":{"line":13,"column":19},"end":{"line":13,"column":52}},"12":{"start":{"line":14,"column":19},"end":{"line":14,"column":53}},"13":{"start":{"line":16,"column":23},"end":{"line":23,"column":7}},"14":{"start":{"line":25,"column":20},"end":{"line":25,"column":53}},"15":{"start":{"line":27,"column":24},"end":{"line":31,"column":7}},"16":{"start":{"line":33,"column":21},"end":{"line":68,"column":9}},"17":{"start":{"line":34,"column":19},"end":{"line":34,"column":22}},"18":{"start":{"line":35,"column":32},"end":{"line":43,"column":9}},"19":{"start":{"line":45,"column":24},"end":{"line":45,"column":64}},"20":{"start":{"line":47,"column":8},"end":{"line":51,"column":9}},"21":{"start":{"line":48,"column":10},"end":{"line":48,"column":30}},"22":{"start":{"line":49,"column":10},"end":{"line":49,"column":41}},"23":{"start":{"line":50,"column":10},"end":{"line":50,"column":30}},"24":{"start":{"line":53,"column":8},"end":{"line":67,"column":10}},"25":{"start":{"line":70,"column":6},"end":{"line":73,"column":11}},"26":{"start":{"line":75,"column":6},"end":{"line":75,"column":59}},"27":{"start":{"line":80,"column":4},"end":{"line":123,"column":5}},"28":{"start":{"line":81,"column":21},"end":{"line":81,"column":46}},"29":{"start":{"line":82,"column":20},"end":{"line":82,"column":46}},"30":{"start":{"line":84,"column":24},"end":{"line":90,"column":7}},"31":{"start":{"line":92,"column":21},"end":{"line":118,"column":9}},"32":{"start":{"line":93,"column":40},"end":{"line":101,"column":9}},"33":{"start":{"line":102,"column":33},"end":{"line":102,"column":81}},"34":{"start":{"line":103,"column":8},"end":{"line":117,"column":10}},"35":{"start":{"line":120,"column":6},"end":{"line":120,"column":73}},"36":{"start":{"line":122,"column":6},"end":{"line":122,"column":59}},"37":{"start":{"line":127,"column":4},"end":{"line":154,"column":5}},"38":{"start":{"line":128,"column":21},"end":{"line":128,"column":46}},"39":{"start":{"line":129,"column":19},"end":{"line":129,"column":37}},"40":{"start":{"line":130,"column":19},"end":{"line":130,"column":38}},"41":{"start":{"line":131,"column":20},"end":{"line":131,"column":40}},"42":{"start":{"line":132,"column":26},"end":{"line":132,"column":52}},"43":{"start":{"line":133,"column":22},"end":{"line":133,"column":44}},"44":{"start":{"line":134,"column":24},"end":{"line":134,"column":48}},"45":{"start":{"line":135,"column":25},"end":{"line":135,"column":50}},"46":{"start":{"line":136,"column":29},"end":{"line":136,"column":58}},"47":{"start":{"line":138,"column":21},"end":{"line":149,"column":8}},"48":{"start":{"line":151,"column":6},"end":{"line":151,"column":75}},"49":{"start":{"line":153,"column":6},"end":{"line":153,"column":59}},"50":{"start":{"line":158,"column":4},"end":{"line":195,"column":5}},"51":{"start":{"line":159,"column":21},"end":{"line":159,"column":46}},"52":{"start":{"line":160,"column":24},"end":{"line":160,"column":48}},"53":{"start":{"line":161,"column":19},"end":{"line":161,"column":37}},"54":{"start":{"line":162,"column":19},"end":{"line":162,"column":38}},"55":{"start":{"line":163,"column":20},"end":{"line":163,"column":40}},"56":{"start":{"line":164,"column":26},"end":{"line":164,"column":52}},"57":{"start":{"line":165,"column":22},"end":{"line":165,"column":44}},"58":{"start":{"line":166,"column":24},"end":{"line":166,"column":48}},"59":{"start":{"line":167,"column":25},"end":{"line":167,"column":50}},"60":{"start":{"line":168,"column":29},"end":{"line":168,"column":58}},"61":{"start":{"line":170,"column":19},"end":{"line":173,"column":7}},"62":{"start":{"line":175,"column":6},"end":{"line":177,"column":7}},"63":{"start":{"line":176,"column":8},"end":{"line":176,"column":54}},"64":{"start":{"line":179,"column":28},"end":{"line":190,"column":8}},"65":{"start":{"line":192,"column":6},"end":{"line":192,"column":82}},"66":{"start":{"line":194,"column":6},"end":{"line":194,"column":59}},"67":{"start":{"line":199,"column":4},"end":{"line":210,"column":5}},"68":{"start":{"line":200,"column":24},"end":{"line":200,"column":48}},"69":{"start":{"line":201,"column":27},"end":{"line":201,"column":37}},"70":{"start":{"line":202,"column":25},"end":{"line":205,"column":8}},"71":{"start":{"line":207,"column":6},"end":{"line":207,"column":84}},"72":{"start":{"line":209,"column":6},"end":{"line":209,"column":59}},"73":{"start":{"line":214,"column":4},"end":{"line":227,"column":5}},"74":{"start":{"line":215,"column":19},"end":{"line":215,"column":65}},"75":{"start":{"line":216,"column":6},"end":{"line":216,"column":39}},"76":{"start":{"line":217,"column":32},"end":{"line":220,"column":8}},"77":{"start":{"line":222,"column":21},"end":{"line":222,"column":116}},"78":{"start":{"line":222,"column":76},"end":{"line":222,"column":114}},"79":{"start":{"line":224,"column":6},"end":{"line":224,"column":82}},"80":{"start":{"line":226,"column":6},"end":{"line":226,"column":59}}},"fnMap":{"0":{"name":"(anonymous_0)","decl":{"start":{"line":6,"column":17},"end":{"line":6,"column":18}},"loc":{"start":{"line":6,"column":36},"end":{"line":229,"column":1}},"line":6},"1":{"name":"(anonymous_1)","decl":{"start":{"line":7,"column":2},"end":{"line":7,"column":3}},"loc":{"start":{"line":7,"column":23},"end":{"line":77,"column":3}},"line":7},"2":{"name":"(anonymous_2)","decl":{"start":{"line":33,"column":53},"end":{"line":33,"column":54}},"loc":{"start":{"line":33,"column":68},"end":{"line":68,"column":7}},"line":33},"3":{"name":"(anonymous_3)","decl":{"start":{"line":79,"column":2},"end":{"line":79,"column":3}},"loc":{"start":{"line":79,"column":22},"end":{"line":124,"column":3}},"line":79},"4":{"name":"(anonymous_4)","decl":{"start":{"line":92,"column":53},"end":{"line":92,"column":54}},"loc":{"start":{"line":92,"column":68},"end":{"line":118,"column":7}},"line":92},"5":{"name":"(anonymous_5)","decl":{"start":{"line":126,"column":2},"end":{"line":126,"column":3}},"loc":{"start":{"line":126,"column":25},"end":{"line":155,"column":3}},"line":126},"6":{"name":"(anonymous_6)","decl":{"start":{"line":157,"column":2},"end":{"line":157,"column":3}},"loc":{"start":{"line":157,"column":25},"end":{"line":196,"column":3}},"line":157},"7":{"name":"(anonymous_7)","decl":{"start":{"line":198,"column":2},"end":{"line":198,"column":3}},"loc":{"start":{"line":198,"column":25},"end":{"line":211,"column":3}},"line":198},"8":{"name":"(anonymous_8)","decl":{"start":{"line":213,"column":2},"end":{"line":213,"column":3}},"loc":{"start":{"line":213,"column":26},"end":{"line":228,"column":3}},"line":213},"9":{"name":"(anonymous_9)","decl":{"start":{"line":222,"column":61},"end":{"line":222,"column":62}},"loc":{"start":{"line":222,"column":76},"end":{"line":222,"column":114}},"line":222}},"branchMap":{"0":{"loc":{"start":{"line":47,"column":8},"end":{"line":51,"column":9}},"type":"if","locations":[{"start":{"line":47,"column":8},"end":{"line":51,"column":9}},{"start":{"line":47,"column":8},"end":{"line":51,"column":9}}],"line":47},"1":{"loc":{"start":{"line":175,"column":6},"end":{"line":177,"column":7}},"type":"if","locations":[{"start":{"line":175,"column":6},"end":{"line":177,"column":7}},{"start":{"line":175,"column":6},"end":{"line":177,"column":7}}],"line":175}},"s":{"0":1,"1":1,"2":1,"3":1,"4":1,"5":14,"6":3,"7":3,"8":3,"9":3,"10":3,"11":3,"12":3,"13":3,"14":3,"15":2,"16":2,"17":2,"18":2,"19":2,"20":2,"21":1,"22":1,"23":1,"24":2,"25":2,"26":1,"27":2,"28":2,"29":2,"30":2,"31":1,"32":1,"33":1,"34":1,"35":1,"36":1,"37":2,"38":2,"39":2,"40":2,"41":2,"42":2,"43":2,"44":2,"45":2,"46":2,"47":2,"48":1,"49":1,"50":3,"51":3,"52":3,"53":3,"54":3,"55":3,"56":3,"57":3,"58":3,"59":3,"60":3,"61":3,"62":2,"63":1,"64":1,"65":1,"66":1,"67":2,"68":2,"69":2,"70":2,"71":1,"72":1,"73":2,"74":2,"75":2,"76":2,"77":1,"78":0,"79":1,"80":1},"f":{"0":14,"1":3,"2":2,"3":2,"4":1,"5":2,"6":3,"7":2,"8":2,"9":0},"b":{"0":[1,1],"1":[1,1]},"_coverageSchema":"43e27e138ebf9cfc5966b082cf9a028302ed4184","hash":"935dfaf26fcdcabfd4e6c752ca3b1014b06d536a"}
,"/Users/richo/Documents/Xendit/Document-Manager/controllers/user.ct.js": {"path":"/Users/richo/Documents/Xendit/Document-Manager/controllers/user.ct.js","statementMap":{"0":{"start":{"line":1,"column":10},"end":{"line":1,"column":27}},"1":{"start":{"line":2,"column":15},"end":{"line":2,"column":32}},"2":{"start":{"line":3,"column":12},"end":{"line":3,"column":35}},"3":{"start":{"line":4,"column":15},"end":{"line":4,"column":47}},"4":{"start":{"line":5,"column":17},"end":{"line":5,"column":45}},"5":{"start":{"line":7,"column":0},"end":{"line":52,"column":3}},"6":{"start":{"line":7,"column":32},"end":{"line":52,"column":1}},"7":{"start":{"line":9,"column":4},"end":{"line":26,"column":5}},"8":{"start":{"line":10,"column":19},"end":{"line":10,"column":37}},"9":{"start":{"line":11,"column":23},"end":{"line":11,"column":46}},"10":{"start":{"line":12,"column":23},"end":{"line":12,"column":46}},"11":{"start":{"line":14,"column":27},"end":{"line":14,"column":67}},"12":{"start":{"line":15,"column":6},"end":{"line":17,"column":7}},"13":{"start":{"line":16,"column":8},"end":{"line":16,"column":65}},"14":{"start":{"line":19,"column":27},"end":{"line":19,"column":65}},"15":{"start":{"line":21,"column":22},"end":{"line":21,"column":81}},"16":{"start":{"line":23,"column":6},"end":{"line":23,"column":74}},"17":{"start":{"line":25,"column":6},"end":{"line":25,"column":61}},"18":{"start":{"line":30,"column":4},"end":{"line":50,"column":5}},"19":{"start":{"line":31,"column":19},"end":{"line":31,"column":37}},"20":{"start":{"line":32,"column":23},"end":{"line":32,"column":46}},"21":{"start":{"line":33,"column":23},"end":{"line":33,"column":46}},"22":{"start":{"line":35,"column":27},"end":{"line":35,"column":67}},"23":{"start":{"line":36,"column":6},"end":{"line":38,"column":7}},"24":{"start":{"line":37,"column":8},"end":{"line":37,"column":65}},"25":{"start":{"line":40,"column":21},"end":{"line":40,"column":72}},"26":{"start":{"line":41,"column":6},"end":{"line":43,"column":7}},"27":{"start":{"line":42,"column":8},"end":{"line":42,"column":55}},"28":{"start":{"line":45,"column":20},"end":{"line":45,"column":79}},"29":{"start":{"line":47,"column":6},"end":{"line":47,"column":74}},"30":{"start":{"line":49,"column":6},"end":{"line":49,"column":60}}},"fnMap":{"0":{"name":"(anonymous_0)","decl":{"start":{"line":7,"column":17},"end":{"line":7,"column":18}},"loc":{"start":{"line":7,"column":32},"end":{"line":52,"column":1}},"line":7},"1":{"name":"(anonymous_1)","decl":{"start":{"line":8,"column":2},"end":{"line":8,"column":3}},"loc":{"start":{"line":8,"column":27},"end":{"line":27,"column":3}},"line":8},"2":{"name":"(anonymous_2)","decl":{"start":{"line":29,"column":2},"end":{"line":29,"column":3}},"loc":{"start":{"line":29,"column":24},"end":{"line":51,"column":3}},"line":29}},"branchMap":{"0":{"loc":{"start":{"line":15,"column":6},"end":{"line":17,"column":7}},"type":"if","locations":[{"start":{"line":15,"column":6},"end":{"line":17,"column":7}},{"start":{"line":15,"column":6},"end":{"line":17,"column":7}}],"line":15},"1":{"loc":{"start":{"line":36,"column":6},"end":{"line":38,"column":7}},"type":"if","locations":[{"start":{"line":36,"column":6},"end":{"line":38,"column":7}},{"start":{"line":36,"column":6},"end":{"line":38,"column":7}}],"line":36},"2":{"loc":{"start":{"line":41,"column":6},"end":{"line":43,"column":7}},"type":"if","locations":[{"start":{"line":41,"column":6},"end":{"line":43,"column":7}},{"start":{"line":41,"column":6},"end":{"line":43,"column":7}}],"line":41}},"s":{"0":1,"1":1,"2":1,"3":1,"4":1,"5":1,"6":7,"7":2,"8":2,"9":2,"10":2,"11":2,"12":2,"13":1,"14":1,"15":1,"16":1,"17":0,"18":4,"19":4,"20":4,"21":4,"22":4,"23":4,"24":2,"25":2,"26":2,"27":1,"28":1,"29":1,"30":1},"f":{"0":7,"1":2,"2":4},"b":{"0":[1,1],"1":[2,2],"2":[1,1]},"_coverageSchema":"43e27e138ebf9cfc5966b082cf9a028302ed4184","hash":"d537285a95530e27984b07d4e9d483ec40918ec4"}
,"/Users/richo/Documents/Xendit/Document-Manager/middlewares/auth.js": {"path":"/Users/richo/Documents/Xendit/Document-Manager/middlewares/auth.js","statementMap":{"0":{"start":{"line":1,"column":10},"end":{"line":1,"column":27}},"1":{"start":{"line":2,"column":12},"end":{"line":2,"column":35}},"2":{"start":{"line":3,"column":15},"end":{"line":3,"column":47}},"3":{"start":{"line":5,"column":17},"end":{"line":5,"column":45}},"4":{"start":{"line":7,"column":0},"end":{"line":43,"column":2}},"5":{"start":{"line":9,"column":4},"end":{"line":22,"column":5}},"6":{"start":{"line":10,"column":26},"end":{"line":10,"column":61}},"7":{"start":{"line":11,"column":6},"end":{"line":13,"column":7}},"8":{"start":{"line":12,"column":8},"end":{"line":12,"column":46}},"9":{"start":{"line":15,"column":21},"end":{"line":15,"column":43}},"10":{"start":{"line":17,"column":27},"end":{"line":17,"column":60}},"11":{"start":{"line":18,"column":6},"end":{"line":18,"column":39}},"12":{"start":{"line":19,"column":6},"end":{"line":19,"column":20}},"13":{"start":{"line":21,"column":6},"end":{"line":21,"column":44}},"14":{"start":{"line":26,"column":4},"end":{"line":41,"column":5}},"15":{"start":{"line":27,"column":24},"end":{"line":27,"column":61}},"16":{"start":{"line":28,"column":6},"end":{"line":30,"column":7}},"17":{"start":{"line":29,"column":8},"end":{"line":29,"column":46}},"18":{"start":{"line":31,"column":27},"end":{"line":31,"column":60}},"19":{"start":{"line":32,"column":21},"end":{"line":32,"column":50}},"20":{"start":{"line":34,"column":6},"end":{"line":36,"column":7}},"21":{"start":{"line":35,"column":8},"end":{"line":35,"column":46}},"22":{"start":{"line":38,"column":6},"end":{"line":38,"column":20}},"23":{"start":{"line":40,"column":6},"end":{"line":40,"column":44}}},"fnMap":{"0":{"name":"(anonymous_0)","decl":{"start":{"line":8,"column":2},"end":{"line":8,"column":3}},"loc":{"start":{"line":8,"column":30},"end":{"line":23,"column":3}},"line":8},"1":{"name":"(anonymous_1)","decl":{"start":{"line":25,"column":2},"end":{"line":25,"column":3}},"loc":{"start":{"line":25,"column":28},"end":{"line":42,"column":3}},"line":25}},"branchMap":{"0":{"loc":{"start":{"line":11,"column":6},"end":{"line":13,"column":7}},"type":"if","locations":[{"start":{"line":11,"column":6},"end":{"line":13,"column":7}},{"start":{"line":11,"column":6},"end":{"line":13,"column":7}}],"line":11},"1":{"loc":{"start":{"line":28,"column":6},"end":{"line":30,"column":7}},"type":"if","locations":[{"start":{"line":28,"column":6},"end":{"line":30,"column":7}},{"start":{"line":28,"column":6},"end":{"line":30,"column":7}}],"line":28},"2":{"loc":{"start":{"line":34,"column":6},"end":{"line":36,"column":7}},"type":"if","locations":[{"start":{"line":34,"column":6},"end":{"line":36,"column":7}},{"start":{"line":34,"column":6},"end":{"line":36,"column":7}}],"line":34}},"s":{"0":1,"1":1,"2":1,"3":1,"4":1,"5":3,"6":3,"7":3,"8":1,"9":2,"10":2,"11":1,"12":1,"13":1,"14":4,"15":4,"16":4,"17":1,"18":3,"19":2,"20":2,"21":1,"22":1,"23":1},"f":{"0":3,"1":4},"b":{"0":[1,2],"1":[1,3],"2":[1,1]},"_coverageSchema":"43e27e138ebf9cfc5966b082cf9a028302ed4184","hash":"44a5510593f64ba0329a1e5d03aa17de671e2d60"}
,"/Users/richo/Documents/Xendit/Document-Manager/utils/helpers/index.js": {"path":"/Users/richo/Documents/Xendit/Document-Manager/utils/helpers/index.js","statementMap":{"0":{"start":{"line":1,"column":15},"end":{"line":1,"column":38}},"1":{"start":{"line":3,"column":0},"end":{"line":7,"column":2}},"2":{"start":{"line":5,"column":4},"end":{"line":5,"column":57}}},"fnMap":{"0":{"name":"(anonymous_0)","decl":{"start":{"line":4,"column":2},"end":{"line":4,"column":3}},"loc":{"start":{"line":4,"column":39},"end":{"line":6,"column":3}},"line":4}},"branchMap":{},"s":{"0":2,"1":2,"2":3},"f":{"0":3},"b":{},"_coverageSchema":"43e27e138ebf9cfc5966b082cf9a028302ed4184","hash":"4afe5239430d326e7eda0b0ee943a3b4cc3e4a9d"}
,"/Users/richo/Documents/Xendit/Document-Manager/utils/response/errorMessage.js": {"path":"/Users/richo/Documents/Xendit/Document-Manager/utils/response/errorMessage.js","statementMap":{"0":{"start":{"line":1,"column":21},"end":{"line":22,"column":1}},"1":{"start":{"line":24,"column":0},"end":{"line":24,"column":30}}},"fnMap":{},"branchMap":{},"s":{"0":4,"1":4},"f":{},"b":{},"_coverageSchema":"43e27e138ebf9cfc5966b082cf9a028302ed4184","hash":"7e99f08460ca05e53c59e5cba3158d6f21cef6e7"}
,"/Users/richo/Documents/Xendit/Document-Manager/utils/response/index.js": {"path":"/Users/richo/Documents/Xendit/Document-Manager/utils/response/index.js","statementMap":{"0":{"start":{"line":1,"column":21},"end":{"line":1,"column":46}},"1":{"start":{"line":3,"column":0},"end":{"line":19,"column":2}},"2":{"start":{"line":5,"column":4},"end":{"line":9,"column":7}},"3":{"start":{"line":13,"column":4},"end":{"line":17,"column":7}}},"fnMap":{"0":{"name":"(anonymous_0)","decl":{"start":{"line":4,"column":2},"end":{"line":4,"column":3}},"loc":{"start":{"line":4,"column":63},"end":{"line":10,"column":3}},"line":4},"1":{"name":"(anonymous_1)","decl":{"start":{"line":12,"column":2},"end":{"line":12,"column":3}},"loc":{"start":{"line":12,"column":47},"end":{"line":18,"column":3}},"line":12}},"branchMap":{"0":{"loc":{"start":{"line":4,"column":15},"end":{"line":4,"column":25}},"type":"default-arg","locations":[{"start":{"line":4,"column":22},"end":{"line":4,"column":25}}],"line":4},"1":{"loc":{"start":{"line":4,"column":27},"end":{"line":4,"column":39}},"type":"default-arg","locations":[{"start":{"line":4,"column":37},"end":{"line":4,"column":39}}],"line":4},"2":{"loc":{"start":{"line":4,"column":41},"end":{"line":4,"column":50}},"type":"default-arg","locations":[{"start":{"line":4,"column":48},"end":{"line":4,"column":50}}],"line":4},"3":{"loc":{"start":{"line":4,"column":52},"end":{"line":4,"column":61}},"type":"default-arg","locations":[{"start":{"line":4,"column":59},"end":{"line":4,"column":61}}],"line":4},"4":{"loc":{"start":{"line":12,"column":12},"end":{"line":12,"column":22}},"type":"default-arg","locations":[{"start":{"line":12,"column":19},"end":{"line":12,"column":22}}],"line":12},"5":{"loc":{"start":{"line":12,"column":35},"end":{"line":12,"column":45}},"type":"default-arg","locations":[{"start":{"line":12,"column":43},"end":{"line":12,"column":45}}],"line":12}},"s":{"0":4,"1":4,"2":10,"3":18},"f":{"0":10,"1":18},"b":{"0":[0],"1":[0],"2":[2],"3":[7],"4":[0],"5":[9]},"_coverageSchema":"43e27e138ebf9cfc5966b082cf9a028302ed4184","hash":"29a554b7cc033a1ac61c2243a7220373620d0c49"}
}
