TN:
SF:/Users/richo/Documents/Xendit/Document-Manager/config.js
FN:18,(anonymous_0)
FNF:1
FNH:1
FNDA:2,(anonymous_0)
DA:1,2
DA:19,2
LF:2
LH:2
BRDA:3,0,0,2
BRDA:3,0,1,2
BRDA:4,1,0,2
BRDA:4,1,1,2
BRDA:5,2,0,2
BRDA:5,2,1,2
BRDA:6,3,0,2
BRDA:6,3,1,2
BRDA:7,4,0,2
BRDA:7,4,1,2
BRDA:19,5,0,2
BRDA:19,5,1,2
BRF:12
BRH:12
end_of_record
TN:
SF:/Users/richo/Documents/Xendit/Document-Manager/controllers/document.ct.js
FN:6,(anonymous_0)
FN:7,(anonymous_1)
FN:33,(anonymous_2)
FN:79,(anonymous_3)
FN:92,(anonymous_4)
FN:126,(anonymous_5)
FN:157,(anonymous_6)
FN:198,(anonymous_7)
FN:213,(anonymous_8)
FN:222,(anonymous_9)
FNF:10
FNH:9
FNDA:14,(anonymous_0)
FNDA:3,(anonymous_1)
FNDA:2,(anonymous_2)
FNDA:2,(anonymous_3)
FNDA:1,(anonymous_4)
FNDA:2,(anonymous_5)
FNDA:3,(anonymous_6)
FNDA:2,(anonymous_7)
FNDA:2,(anonymous_8)
FNDA:0,(anonymous_9)
DA:1,1
DA:2,1
DA:3,1
DA:4,1
DA:6,14
DA:8,3
DA:9,3
DA:10,3
DA:11,3
DA:12,3
DA:13,3
DA:14,3
DA:16,3
DA:25,3
DA:27,2
DA:33,2
DA:34,2
DA:35,2
DA:45,2
DA:47,2
DA:48,1
DA:49,1
DA:50,1
DA:53,2
DA:70,2
DA:75,1
DA:80,2
DA:81,2
DA:82,2
DA:84,2
DA:92,1
DA:93,1
DA:102,1
DA:103,1
DA:120,1
DA:122,1
DA:127,2
DA:128,2
DA:129,2
DA:130,2
DA:131,2
DA:132,2
DA:133,2
DA:134,2
DA:135,2
DA:136,2
DA:138,2
DA:151,1
DA:153,1
DA:158,3
DA:159,3
DA:160,3
DA:161,3
DA:162,3
DA:163,3
DA:164,3
DA:165,3
DA:166,3
DA:167,3
DA:168,3
DA:170,3
DA:175,2
DA:176,1
DA:179,1
DA:192,1
DA:194,1
DA:199,2
DA:200,2
DA:201,2
DA:202,2
DA:207,1
DA:209,1
DA:214,2
DA:215,2
DA:216,2
DA:217,2
DA:222,1
DA:224,1
DA:226,1
LF:79
LH:79
BRDA:47,0,0,1
BRDA:47,0,1,1
BRDA:175,1,0,1
BRDA:175,1,1,1
BRF:4
BRH:4
end_of_record
TN:
SF:/Users/richo/Documents/Xendit/Document-Manager/controllers/user.ct.js
FN:7,(anonymous_0)
FN:8,(anonymous_1)
FN:29,(anonymous_2)
FNF:3
FNH:3
FNDA:7,(anonymous_0)
FNDA:2,(anonymous_1)
FNDA:4,(anonymous_2)
DA:1,1
DA:2,1
DA:3,1
DA:4,1
DA:5,1
DA:7,7
DA:9,2
DA:10,2
DA:11,2
DA:12,2
DA:14,2
DA:15,2
DA:16,1
DA:19,1
DA:21,1
DA:23,1
DA:25,0
DA:30,4
DA:31,4
DA:32,4
DA:33,4
DA:35,4
DA:36,4
DA:37,2
DA:40,2
DA:41,2
DA:42,1
DA:45,1
DA:47,1
DA:49,1
LF:30
LH:29
BRDA:15,0,0,1
BRDA:15,0,1,1
BRDA:36,1,0,2
BRDA:36,1,1,2
BRDA:41,2,0,1
BRDA:41,2,1,1
BRF:6
BRH:6
end_of_record
TN:
SF:/Users/richo/Documents/Xendit/Document-Manager/middlewares/auth.js
FN:8,(anonymous_0)
FN:25,(anonymous_1)
FNF:2
FNH:2
FNDA:3,(anonymous_0)
FNDA:4,(anonymous_1)
DA:1,1
DA:2,1
DA:3,1
DA:5,1
DA:7,1
DA:9,3
DA:10,3
DA:11,3
DA:12,1
DA:15,2
DA:17,2
DA:18,1
DA:19,1
DA:21,1
DA:26,4
DA:27,4
DA:28,4
DA:29,1
DA:31,3
DA:32,2
DA:34,2
DA:35,1
DA:38,1
DA:40,1
LF:24
LH:24
BRDA:11,0,0,1
BRDA:11,0,1,2
BRDA:28,1,0,1
BRDA:28,1,1,3
BRDA:34,2,0,1
BRDA:34,2,1,1
BRF:6
BRH:6
end_of_record
TN:
SF:/Users/richo/Documents/Xendit/Document-Manager/utils/helpers/index.js
FN:4,(anonymous_0)
FNF:1
FNH:1
FNDA:3,(anonymous_0)
DA:1,2
DA:3,2
DA:5,3
LF:3
LH:3
BRF:0
BRH:0
end_of_record
TN:
SF:/Users/richo/Documents/Xendit/Document-Manager/utils/response/errorMessage.js
FNF:0
FNH:0
DA:1,4
DA:24,4
LF:2
LH:2
BRF:0
BRH:0
end_of_record
TN:
SF:/Users/richo/Documents/Xendit/Document-Manager/utils/response/index.js
FN:4,(anonymous_0)
FN:12,(anonymous_1)
FNF:2
FNH:2
FNDA:10,(anonymous_0)
FNDA:18,(anonymous_1)
DA:1,4
DA:3,4
DA:5,10
DA:13,18
LF:4
LH:4
BRDA:4,0,0,0
BRDA:4,1,0,0
BRDA:4,2,0,2
BRDA:4,3,0,7
BRDA:12,4,0,0
BRDA:12,5,0,9
BRF:6
BRH:3
end_of_record
